0 info it worked if it ends with ok
1 verbose cli [ '/usr/local/Cellar/node/7.7.1_1/bin/node',
1 verbose cli   '/usr/local/bin/npm',
1 verbose cli   'start' ]
2 info using npm@4.1.2
3 info using node@v7.7.1
4 verbose run-script [ 'prestart', 'start', 'poststart' ]
5 info lifecycle bs4starter@1.0.0~prestart: bs4starter@1.0.0
6 silly lifecycle bs4starter@1.0.0~prestart: no script for prestart, continuing
7 info lifecycle bs4starter@1.0.0~start: bs4starter@1.0.0
8 verbose lifecycle bs4starter@1.0.0~start: unsafe-perm in lifecycle true
9 verbose lifecycle bs4starter@1.0.0~start: PATH: /usr/local/lib/node_modules/npm/bin/node-gyp-bin:/Users/admin/Documents/vicky-ruby/mizum/node_modules/.bin:/Users/admin/.rvm/gems/ruby-2.4.0/bin:/Users/admin/.rvm/gems/ruby-2.4.0@global/bin:/Users/admin/.rvm/rubies/ruby-2.4.0/bin:/usr/local/bin:/usr/bin:/bin:/usr/sbin:/sbin:/Users/admin/.rvm/gems/ruby-2.4.0/bin:/Users/admin/.rvm/gems/ruby-2.4.0@global/bin:/Users/admin/.rvm/rubies/ruby-2.4.0/bin:/Users/admin/.rvm/bin:/Users/admin/.rvm/bin
10 verbose lifecycle bs4starter@1.0.0~start: CWD: /Users/admin/Documents/vicky-ruby/mizum
11 silly lifecycle bs4starter@1.0.0~start: Args: [ '-c', 'gulp' ]
12 silly lifecycle bs4starter@1.0.0~start: Returned: code: 1  signal: null
13 info lifecycle bs4starter@1.0.0~start: Failed to exec start script
14 verbose stack Error: bs4starter@1.0.0 start: `gulp`
14 verbose stack Exit status 1
14 verbose stack     at EventEmitter.<anonymous> (/usr/local/lib/node_modules/npm/lib/utils/lifecycle.js:279:16)
14 verbose stack     at emitTwo (events.js:106:13)
14 verbose stack     at EventEmitter.emit (events.js:194:7)
14 verbose stack     at ChildProcess.<anonymous> (/usr/local/lib/node_modules/npm/lib/utils/spawn.js:40:14)
14 verbose stack     at emitTwo (events.js:106:13)
14 verbose stack     at ChildProcess.emit (events.js:194:7)
14 verbose stack     at maybeClose (internal/child_process.js:899:16)
14 verbose stack     at Process.ChildProcess._handle.onexit (internal/child_process.js:226:5)
15 verbose pkgid bs4starter@1.0.0
16 verbose cwd /Users/admin/Documents/vicky-ruby/mizum
17 error Darwin 15.6.0
18 error argv "/usr/local/Cellar/node/7.7.1_1/bin/node" "/usr/local/bin/npm" "start"
19 error node v7.7.1
20 error npm  v4.1.2
21 error code ELIFECYCLE
22 error bs4starter@1.0.0 start: `gulp`
22 error Exit status 1
23 error Failed at the bs4starter@1.0.0 start script 'gulp'.
23 error Make sure you have the latest version of node.js and npm installed.
23 error If you do, this is most likely a problem with the bs4starter package,
23 error not with npm itself.
23 error Tell the author that this fails on your system:
23 error     gulp
23 error You can get information on how to open an issue for this project with:
23 error     npm bugs bs4starter
23 error Or if that isn't available, you can get their info via:
23 error     npm owner ls bs4starter
23 error There is likely additional logging output above.
24 verbose exit [ 1, true ]
